[debug] [2019-07-05T08:06:10.854Z] ----------------------------------------------------------------------
[debug] [2019-07-05T08:06:10.856Z] Command:       C:\Program Files\nodejs\node.exe C:\Users\_dev\AppData\Roaming\npm\node_modules\firebase-tools\lib\bin\firebase.js deploy --only hosting:web-push-angular
[debug] [2019-07-05T08:06:10.856Z] CLI Version:   7.0.2
[debug] [2019-07-05T08:06:10.856Z] Platform:      win32
[debug] [2019-07-05T08:06:10.856Z] Node Version:  v12.4.0
[debug] [2019-07-05T08:06:10.857Z] Time:          Fri Jul 05 2019 15:06:10 GMT+0700 (Indochina Time)
[debug] [2019-07-05T08:06:10.857Z] ----------------------------------------------------------------------
[debug] 
[debug] [2019-07-05T08:06:10.864Z] > command requires scopes: ["email","openid","https://www.googleapis.com/auth/cloudplatformprojects.readonly","https://www.googleapis.com/auth/firebase","https://www.googleapis.com/auth/cloud-platform"]
[debug] [2019-07-05T08:06:10.865Z] > authorizing via signed-in user
[debug] [2019-07-05T08:06:10.865Z] [iam] checking project push-notifications-3e84a for permissions ["firebase.projects.get","firebasehosting.sites.update"]
[debug] [2019-07-05T08:06:10.866Z] >>> HTTP REQUEST POST https://cloudresourcemanager.googleapis.com/v1/projects/push-notifications-3e84a:testIamPermissions  

[debug] [2019-07-05T08:06:12.146Z] <<< HTTP RESPONSE 200
[debug] [2019-07-05T08:06:12.148Z] >>> HTTP REQUEST GET https://firebase.googleapis.com/v1beta1/projects/push-notifications-3e84a  
 
[debug] [2019-07-05T08:06:12.824Z] <<< HTTP RESPONSE 200
[info] 
[info] === Deploying to 'push-notifications-3e84a'...
[info] 
[info] i  deploying hosting
[info] 
[info] +  Deploy complete!
[info] 
[info] Project Console: https://console.firebase.google.com/project/push-notifications-3e84a/overview
[debug] [2019-07-05T08:06:12.958Z] TypeError: Cannot read property 'deploys' of undefined
    at C:\Users\_dev\AppData\Roaming\npm\node_modules\firebase-tools\lib\deploy\index.js:84:36
    at processTicksAndRejections (internal/process/task_queues.js:89:5)
[error] 
[error] Error: An unexpected error has occurred.
